<?xml version="1.0" encoding="UTF-8"?>
<Site BuildName="(empty)"
	BuildStamp="20250404-0225-Experimental"
	Name="gs66-stealth"
	Generator="ctest-3.16.3"
	CompilerName="/usr/bin/c++"
	CompilerVersion="9.4.0"
	OSName="Linux"
	Hostname="gs66-stealth"
	OSRelease="5.15.0-136-generic"
	OSVersion="#147~20.04.1-Ubuntu SMP Wed Mar 19 16:13:14 UTC 2025"
	OSPlatform="x86_64"
	Is64Bits="1"
	VendorString="GenuineIntel"
	VendorID="Intel Corporation"
	FamilyID="6"
	ModelID="165"
	ProcessorCacheSize="12288"
	NumberOfLogicalCPU="12"
	NumberOfPhysicalCPU="6"
	TotalVirtualMemory="2047"
	TotalPhysicalMemory="15804"
	LogicalProcessorsPerPhysical="2"
	ProcessorClockFrequency="1409.21"
	>
	<Testing>
		<StartDateTime>Apr 04 13:43 AEDT</StartDateTime>
		<StartTestTime>1743734638</StartTestTime>
		<TestList/>
		<EndDateTime>Apr 04 13:43 AEDT</EndDateTime>
		<EndTestTime>1743734638</EndTestTime>
		<ElapsedMinutes>0</ElapsedMinutes>
	</Testing>
</Site>
