<?xml version="1.0" encoding="UTF-8"?>
<Site BuildName="(empty)"
	BuildStamp="20250507-0548-Experimental"
	Name="gs66-stealth"
	Generator="ctest-3.16.3"
	CompilerName="/usr/bin/c++"
	CompilerVersion="9.4.0"
	OSName="Linux"
	Hostname="gs66-stealth"
	OSRelease="5.15.0-138-generic"
	OSVersion="#148~20.04.1-Ubuntu SMP Fri Mar 28 14:32:35 UTC 2025"
	OSPlatform="x86_64"
	Is64Bits="1"
	VendorString="GenuineIntel"
	VendorID="Intel Corporation"
	FamilyID="6"
	ModelID="165"
	ProcessorCacheSize="12288"
	NumberOfLogicalCPU="12"
	NumberOfPhysicalCPU="6"
	TotalVirtualMemory="2047"
	TotalPhysicalMemory="15804"
	LogicalProcessorsPerPhysical="2"
	ProcessorClockFrequency="2384.03"
	>
	<Testing>
		<StartDateTime>May 07 15:51 AEST</StartDateTime>
		<StartTestTime>1746597089</StartTestTime>
		<TestList/>
		<EndDateTime>May 07 15:51 AEST</EndDateTime>
		<EndTestTime>1746597089</EndTestTime>
		<ElapsedMinutes>0</ElapsedMinutes>
	</Testing>
</Site>
