<?xml version="1.0" encoding="UTF-8"?>
<Site BuildName="(empty)"
	BuildStamp="20250306-0326-Experimental"
	Name="gs66-stealth"
	Generator="ctest-3.16.3"
	CompilerName="/usr/bin/c++"
	CompilerVersion="9.4.0"
	OSName="Linux"
	Hostname="gs66-stealth"
	OSRelease="5.15.0-131-generic"
	OSVersion="#141~20.04.1-Ubuntu SMP Thu Jan 16 18:38:51 UTC 2025"
	OSPlatform="x86_64"
	Is64Bits="1"
	VendorString="GenuineIntel"
	VendorID="Intel Corporation"
	FamilyID="6"
	ModelID="165"
	ProcessorCacheSize="12288"
	NumberOfLogicalCPU="12"
	NumberOfPhysicalCPU="6"
	TotalVirtualMemory="2047"
	TotalPhysicalMemory="15804"
	LogicalProcessorsPerPhysical="2"
	ProcessorClockFrequency="2600"
	>
	<Testing>
		<StartDateTime>Mar 06 14:26 AEDT</StartDateTime>
		<StartTestTime>1741231581</StartTestTime>
		<TestList/>
		<EndDateTime>Mar 06 14:26 AEDT</EndDateTime>
		<EndTestTime>1741231581</EndTestTime>
		<ElapsedMinutes>0</ElapsedMinutes>
	</Testing>
</Site>
