<?xml version="1.0" encoding="UTF-8"?>
<Site BuildName="(empty)"
	BuildStamp="20250327-0248-Experimental"
	Name="gs66-stealth"
	Generator="ctest-3.16.3"
	CompilerName="/usr/bin/c++"
	CompilerVersion="9.4.0"
	OSName="Linux"
	Hostname="gs66-stealth"
	OSRelease="5.15.0-134-generic"
	OSVersion="#145~20.04.1-Ubuntu SMP Mon Feb 17 13:27:16 UTC 2025"
	OSPlatform="x86_64"
	Is64Bits="1"
	VendorString="GenuineIntel"
	VendorID="Intel Corporation"
	FamilyID="6"
	ModelID="165"
	ProcessorCacheSize="12288"
	NumberOfLogicalCPU="12"
	NumberOfPhysicalCPU="6"
	TotalVirtualMemory="2047"
	TotalPhysicalMemory="15804"
	LogicalProcessorsPerPhysical="2"
	ProcessorClockFrequency="2600"
	>
	<Testing>
		<StartDateTime>Mar 27 14:38 AEDT</StartDateTime>
		<StartTestTime>1743046732</StartTestTime>
		<TestList/>
		<EndDateTime>Mar 27 14:38 AEDT</EndDateTime>
		<EndTestTime>1743046732</EndTestTime>
		<ElapsedMinutes>0</ElapsedMinutes>
	</Testing>
</Site>
